<?xml version="1.0" encoding="UTF-8"?>
<!-- Generated by org.testng.reporters.JUnitReportReporter -->
<testsuite hostname="AWAMRCCHNLT0032" failures="1" tests="1" name="cucumberOptions.FailedTestRunner" time="10.605" errors="0" timestamp="2025-12-23T23:14:26 IST" skipped="0">
  <testcase classname="cucumberOptions.FailedTestRunner" name="runScenario" time="10.605">
    <failure message="expected [No data] but found [Tomato]" type="java.lang.AssertionError">
      <![CDATA[java.lang.AssertionError: expected [No data] but found [Tomato]
at org.testng.Assert.fail(Assert.java:111)
at org.testng.Assert.failNotEquals(Assert.java:1590)
at org.testng.Assert.assertEqualsImpl(Assert.java:150)
at org.testng.Assert.assertEquals(Assert.java:132)
at org.testng.Assert.assertEquals(Assert.java:656)
at org.testng.Assert.assertEquals(Assert.java:666)
at stepDefinations.OfferPageStepDefinition.validate_product_name_in_offers_page(OfferPageStepDefinition.java:52)
at ✽.validate product name in offers page matches with landing page(file:///D:/Users/shrirang.ladda/eclipse-workspace/CucumberUdemy/src/test/resources/Feature/SearchProduct.feature:8)
]]>
    </failure>
  </testcase> <!-- runScenario -->
</testsuite> <!-- cucumberOptions.FailedTestRunner -->
